0 verbose cli C:\Users\AveryMist  #Windows\.trae\sdks\versions\node\current\node.exe C:\Users\AveryMist  #Windows\.trae\sdks\versions\node\current\node_modules\npm\bin\npm-cli.js
1 info using npm@10.9.2
2 info using node@v22.17.1
3 silly config load:file:C:\Users\AveryMist  #Windows\.trae\binaries\node\versions\22.17.1\node_modules\npm\npmrc
4 silly config load:file:C:\Users\AveryMist  #Windows\.npmrc
5 silly config load:file:C:\Users\AveryMist  #Windows\.trae\sdks\versions\node\current\etc\npmrc
6 verbose title npm install pnpm
7 verbose argv "install" "--global" "pnpm"
8 verbose logfile logs-max:10 dir:d:\GITHUB\AMADEUSE-VRC\.npm-cache\_logs\2025-08-02T19_55_27_640Z-
9 verbose logfile d:\GITHUB\AMADEUSE-VRC\.npm-cache\_logs\2025-08-02T19_55_27_640Z-debug-0.log
10 silly packumentCache heap:4345298944 maxSize:1086324736 maxEntrySize:543162368
11 silly logfile done cleaning log files
12 silly idealTree buildDeps
13 silly fetch manifest pnpm@*
14 silly packumentCache full:https://registry.npmjs.org/pnpm cache-miss
15 http fetch GET 200 https://registry.npmjs.org/npm 308ms
16 http fetch GET 200 https://registry.npmjs.org/pnpm 313ms (cache miss)
17 silly packumentCache full:https://registry.npmjs.org/pnpm set size:undefined disposed:false
18 silly placeDep ROOT pnpm@10.14.0 OK for:  want: *
19 silly reify moves {}
20 http cache pnpm@https://registry.npmjs.org/pnpm/-/pnpm-10.14.0.tgz 0ms (cache hit)
21 silly tarball no local data for pnpm@https://registry.npmjs.org/pnpm/-/pnpm-10.14.0.tgz. Extracting by manifest.
22 http fetch GET 200 https://registry.npmjs.org/pnpm/-/pnpm-10.14.0.tgz 5257ms (cache miss)
23 silly ADD node_modules/pnpm
24 verbose cwd D:\GITHUB
25 verbose os Windows_NT 10.0.26100
26 verbose node v22.17.1
27 verbose npm  v10.9.2
28 notice
28 notice New [31mmajor[39m version of npm available! [31m10.9.2[39m -> [34m11.5.2[39m
28 notice Changelog: [34mhttps://github.com/npm/cli/releases/tag/v11.5.2[39m
28 notice To update run: [4mnpm install -g npm@11.5.2[24m
28 notice  { force: true, [Symbol(proc-log.meta)]: true }
29 verbose exit 0
30 info ok
