0 verbose cli C:\Program Files\nodejs\node.exe C:\Program Files\nodejs\node_modules\npm\bin\npm-cli.js
1 info using npm@10.9.2
2 info using node@v22.17.1
3 silly config load:file:C:\Program Files\nodejs\node_modules\npm\npmrc
4 silly config load:file:C:\Users\AveryMist  #Windows\.npmrc
5 silly config load:file:C:\Users\AveryMist  #Windows\AppData\Roaming\npm\etc\npmrc
6 verbose title npm exec @modelcontextprotocol/server-github
7 verbose argv "exec" "--yes" "--" "@modelcontextprotocol/server-github"
8 verbose logfile logs-max:10 dir:d:\GITHUB\AMADEUSE-VRC\.npm-cache\_logs\2025-08-02T22_29_59_141Z-
9 verbose logfile d:\GITHUB\AMADEUSE-VRC\.npm-cache\_logs\2025-08-02T22_29_59_141Z-debug-0.log
10 silly logfile done cleaning log files
11 silly packumentCache heap:4345298944 maxSize:1086324736 maxEntrySize:543162368
12 http fetch GET 200 https://registry.npmjs.org/@modelcontextprotocol%2fserver-github 2056ms (cache miss)
13 silly packumentCache heap:4345298944 maxSize:1086324736 maxEntrySize:543162368
14 silly packumentCache heap:4345298944 maxSize:1086324736 maxEntrySize:543162368
15 silly idealTree buildDeps
16 silly fetch manifest @modelcontextprotocol/server-github@2025.4.8
17 silly packumentCache full:https://registry.npmjs.org/@modelcontextprotocol%2fserver-github cache-miss
18 http fetch GET 200 https://registry.npmjs.org/@modelcontextprotocol%2fserver-github 286ms (cache miss)
19 silly packumentCache full:https://registry.npmjs.org/@modelcontextprotocol%2fserver-github set size:undefined disposed:false
20 silly placeDep ROOT @modelcontextprotocol/server-github@2025.4.8 OK for:  want: 2025.4.8
21 silly fetch manifest zod@^3.22.4
22 silly packumentCache full:https://registry.npmjs.org/zod cache-miss
23 silly fetch manifest node-fetch@^3.3.2
24 silly packumentCache full:https://registry.npmjs.org/node-fetch cache-miss
25 silly fetch manifest @types/node@^22
26 silly packumentCache full:https://registry.npmjs.org/@types%2fnode cache-miss
27 silly fetch manifest @types/node-fetch@^2.6.12
28 silly packumentCache full:https://registry.npmjs.org/@types%2fnode-fetch cache-miss
29 silly fetch manifest zod-to-json-schema@^3.23.5
30 silly packumentCache full:https://registry.npmjs.org/zod-to-json-schema cache-miss
31 silly fetch manifest universal-user-agent@^7.0.2
32 silly packumentCache full:https://registry.npmjs.org/universal-user-agent cache-miss
33 silly fetch manifest @modelcontextprotocol/sdk@1.0.1
34 silly packumentCache full:https://registry.npmjs.org/@modelcontextprotocol%2fsdk cache-miss
35 http fetch GET 200 https://registry.npmjs.org/universal-user-agent 1092ms (cache miss)
36 silly packumentCache full:https://registry.npmjs.org/universal-user-agent set size:undefined disposed:false
37 http fetch GET 200 https://registry.npmjs.org/@types%2fnode-fetch 1100ms (cache miss)
38 silly packumentCache full:https://registry.npmjs.org/@types%2fnode-fetch set size:undefined disposed:false
39 http fetch GET 200 https://registry.npmjs.org/@modelcontextprotocol%2fsdk 1138ms (cache miss)
40 silly packumentCache full:https://registry.npmjs.org/@modelcontextprotocol%2fsdk set size:undefined disposed:false
41 http fetch GET 200 https://registry.npmjs.org/zod-to-json-schema 1147ms (cache miss)
42 silly packumentCache full:https://registry.npmjs.org/zod-to-json-schema set size:undefined disposed:false
43 http fetch GET 200 https://registry.npmjs.org/node-fetch 1196ms (cache miss)
44 silly packumentCache full:https://registry.npmjs.org/node-fetch set size:undefined disposed:false
45 http fetch GET 200 https://registry.npmjs.org/zod 1297ms (cache miss)
46 silly packumentCache full:https://registry.npmjs.org/zod set size:undefined disposed:false
47 http fetch GET 200 https://registry.npmjs.org/@types%2fnode 4079ms (cache miss)
48 silly packumentCache full:https://registry.npmjs.org/@types%2fnode set size:undefined disposed:false
49 silly placeDep ROOT @modelcontextprotocol/sdk@1.0.1 OK for: @modelcontextprotocol/server-github@2025.4.8 want: 1.0.1
50 silly placeDep ROOT @types/node@22.17.0 OK for: @modelcontextprotocol/server-github@2025.4.8 want: ^22
51 silly placeDep ROOT @types/node-fetch@2.6.13 OK for: @modelcontextprotocol/server-github@2025.4.8 want: ^2.6.12
52 silly placeDep ROOT node-fetch@3.3.2 OK for: @modelcontextprotocol/server-github@2025.4.8 want: ^3.3.2
53 silly placeDep ROOT universal-user-agent@7.0.3 OK for: @modelcontextprotocol/server-github@2025.4.8 want: ^7.0.2
54 silly placeDep ROOT zod@3.25.76 OK for: @modelcontextprotocol/server-github@2025.4.8 want: ^3.22.4
55 silly placeDep ROOT zod-to-json-schema@3.24.6 OK for: @modelcontextprotocol/server-github@2025.4.8 want: ^3.23.5
56 silly fetch manifest zod@^3.23.8
57 silly packumentCache full:https://registry.npmjs.org/zod cache-miss
58 silly fetch manifest raw-body@^3.0.0
59 silly packumentCache full:https://registry.npmjs.org/raw-body cache-miss
60 silly fetch manifest content-type@^1.0.5
61 silly packumentCache full:https://registry.npmjs.org/content-type cache-miss
62 silly fetch manifest undici-types@~6.21.0
63 silly packumentCache full:https://registry.npmjs.org/undici-types cache-miss
64 silly fetch manifest form-data@^4.0.4
65 silly packumentCache full:https://registry.npmjs.org/form-data cache-miss
66 silly fetch manifest data-uri-to-buffer@^4.0.0
67 silly packumentCache full:https://registry.npmjs.org/data-uri-to-buffer cache-miss
68 silly fetch manifest fetch-blob@^3.1.4
69 silly packumentCache full:https://registry.npmjs.org/fetch-blob cache-miss
70 silly fetch manifest formdata-polyfill@^4.0.10
71 silly packumentCache full:https://registry.npmjs.org/formdata-polyfill cache-miss
72 http cache https://registry.npmjs.org/zod 250ms (cache hit)
73 silly packumentCache full:https://registry.npmjs.org/zod set size:2968216 disposed:false
74 http fetch GET 200 https://registry.npmjs.org/raw-body 875ms (cache miss)
75 silly packumentCache full:https://registry.npmjs.org/raw-body set size:undefined disposed:false
76 http fetch GET 200 https://registry.npmjs.org/content-type 893ms (cache miss)
77 silly packumentCache full:https://registry.npmjs.org/content-type set size:undefined disposed:false
78 http fetch GET 200 https://registry.npmjs.org/data-uri-to-buffer 943ms (cache miss)
79 silly packumentCache full:https://registry.npmjs.org/data-uri-to-buffer set size:undefined disposed:false
80 http fetch GET 200 https://registry.npmjs.org/formdata-polyfill 944ms (cache miss)
81 silly packumentCache full:https://registry.npmjs.org/formdata-polyfill set size:undefined disposed:false
82 http fetch GET 200 https://registry.npmjs.org/form-data 1309ms (cache miss)
83 silly packumentCache full:https://registry.npmjs.org/form-data set size:undefined disposed:false
84 http fetch GET 200 https://registry.npmjs.org/fetch-blob 1310ms (cache miss)
85 silly packumentCache full:https://registry.npmjs.org/fetch-blob set size:undefined disposed:false
86 http fetch GET 200 https://registry.npmjs.org/undici-types 1328ms (cache miss)
87 silly packumentCache full:https://registry.npmjs.org/undici-types set size:undefined disposed:false
88 silly placeDep ROOT content-type@1.0.5 OK for: @modelcontextprotocol/sdk@1.0.1 want: ^1.0.5
89 silly placeDep ROOT raw-body@3.0.0 OK for: @modelcontextprotocol/sdk@1.0.1 want: ^3.0.0
90 silly fetch manifest bytes@3.1.2
91 silly packumentCache full:https://registry.npmjs.org/bytes cache-miss
92 silly fetch manifest http-errors@2.0.0
93 silly packumentCache full:https://registry.npmjs.org/http-errors cache-miss
94 silly fetch manifest iconv-lite@0.6.3
95 silly packumentCache full:https://registry.npmjs.org/iconv-lite cache-miss
96 silly fetch manifest unpipe@1.0.0
97 silly packumentCache full:https://registry.npmjs.org/unpipe cache-miss
98 http fetch GET 200 https://registry.npmjs.org/unpipe 631ms (cache miss)
99 silly packumentCache full:https://registry.npmjs.org/unpipe set size:undefined disposed:false
100 http fetch GET 200 https://registry.npmjs.org/bytes 636ms (cache miss)
101 silly packumentCache full:https://registry.npmjs.org/bytes set size:undefined disposed:false
102 http fetch GET 200 https://registry.npmjs.org/http-errors 638ms (cache miss)
103 silly packumentCache full:https://registry.npmjs.org/http-errors set size:undefined disposed:false
104 http fetch GET 200 https://registry.npmjs.org/iconv-lite 640ms (cache miss)
105 silly packumentCache full:https://registry.npmjs.org/iconv-lite set size:undefined disposed:false
106 silly placeDep ROOT undici-types@6.21.0 OK for: @types/node@22.17.0 want: ~6.21.0
107 silly placeDep ROOT form-data@4.0.4 OK for: @types/node-fetch@2.6.13 want: ^4.0.4
108 silly fetch manifest hasown@^2.0.2
109 silly packumentCache full:https://registry.npmjs.org/hasown cache-miss
110 silly fetch manifest asynckit@^0.4.0
111 silly packumentCache full:https://registry.npmjs.org/asynckit cache-miss
112 silly fetch manifest mime-types@^2.1.12
113 silly packumentCache full:https://registry.npmjs.org/mime-types cache-miss
114 silly fetch manifest combined-stream@^1.0.8
115 silly packumentCache full:https://registry.npmjs.org/combined-stream cache-miss
116 silly fetch manifest es-set-tostringtag@^2.1.0
117 silly packumentCache full:https://registry.npmjs.org/es-set-tostringtag cache-miss
118 http fetch GET 200 https://registry.npmjs.org/hasown 57ms (cache miss)
119 silly packumentCache full:https://registry.npmjs.org/hasown set size:undefined disposed:false
120 http fetch GET 200 https://registry.npmjs.org/asynckit 136ms (cache miss)
121 silly packumentCache full:https://registry.npmjs.org/asynckit set size:undefined disposed:false
122 http fetch GET 200 https://registry.npmjs.org/es-set-tostringtag 149ms (cache miss)
123 silly packumentCache full:https://registry.npmjs.org/es-set-tostringtag set size:undefined disposed:false
124 http fetch GET 200 https://registry.npmjs.org/combined-stream 150ms (cache miss)
125 silly packumentCache full:https://registry.npmjs.org/combined-stream set size:undefined disposed:false
126 http fetch GET 200 https://registry.npmjs.org/mime-types 156ms (cache miss)
127 silly packumentCache full:https://registry.npmjs.org/mime-types set size:undefined disposed:false
128 silly placeDep ROOT asynckit@0.4.0 OK for: form-data@4.0.4 want: ^0.4.0
129 silly placeDep ROOT combined-stream@1.0.8 OK for: form-data@4.0.4 want: ^1.0.8
130 silly placeDep ROOT es-set-tostringtag@2.1.0 OK for: form-data@4.0.4 want: ^2.1.0
131 silly placeDep ROOT hasown@2.0.2 OK for: form-data@4.0.4 want: ^2.0.2
132 silly placeDep ROOT mime-types@2.1.35 OK for: form-data@4.0.4 want: ^2.1.12
133 silly fetch manifest delayed-stream@~1.0.0
134 silly packumentCache full:https://registry.npmjs.org/delayed-stream cache-miss
135 silly fetch manifest es-errors@^1.3.0
136 silly packumentCache full:https://registry.npmjs.org/es-errors cache-miss
137 silly fetch manifest get-intrinsic@^1.2.6
138 silly packumentCache full:https://registry.npmjs.org/get-intrinsic cache-miss
139 silly fetch manifest has-tostringtag@^1.0.2
140 silly packumentCache full:https://registry.npmjs.org/has-tostringtag cache-miss
141 silly fetch manifest function-bind@^1.1.2
142 silly packumentCache full:https://registry.npmjs.org/function-bind cache-miss
143 silly fetch manifest mime-db@1.52.0
144 silly packumentCache full:https://registry.npmjs.org/mime-db cache-miss
145 http fetch GET 200 https://registry.npmjs.org/delayed-stream 61ms (cache miss)
146 silly packumentCache full:https://registry.npmjs.org/delayed-stream set size:undefined disposed:false
147 http fetch GET 200 https://registry.npmjs.org/has-tostringtag 314ms (cache miss)
148 silly packumentCache full:https://registry.npmjs.org/has-tostringtag set size:undefined disposed:false
149 http fetch GET 200 https://registry.npmjs.org/es-errors 446ms (cache miss)
150 silly packumentCache full:https://registry.npmjs.org/es-errors set size:undefined disposed:false
151 http fetch GET 200 https://registry.npmjs.org/get-intrinsic 447ms (cache miss)
152 silly packumentCache full:https://registry.npmjs.org/get-intrinsic set size:undefined disposed:false
153 http fetch GET 200 https://registry.npmjs.org/function-bind 450ms (cache miss)
154 silly packumentCache full:https://registry.npmjs.org/function-bind set size:undefined disposed:false
155 http fetch GET 200 https://registry.npmjs.org/mime-db 453ms (cache miss)
156 silly packumentCache full:https://registry.npmjs.org/mime-db set size:undefined disposed:false
157 silly placeDep ROOT delayed-stream@1.0.0 OK for: combined-stream@1.0.8 want: ~1.0.0
158 silly placeDep ROOT es-errors@1.3.0 OK for: es-set-tostringtag@2.1.0 want: ^1.3.0
159 silly placeDep ROOT get-intrinsic@1.3.0 OK for: es-set-tostringtag@2.1.0 want: ^1.2.6
160 silly placeDep ROOT has-tostringtag@1.0.2 OK for: es-set-tostringtag@2.1.0 want: ^1.0.2
161 silly fetch manifest call-bind-apply-helpers@^1.0.2
162 silly packumentCache full:https://registry.npmjs.org/call-bind-apply-helpers cache-miss
163 silly fetch manifest es-define-property@^1.0.1
164 silly packumentCache full:https://registry.npmjs.org/es-define-property cache-miss
165 silly fetch manifest es-object-atoms@^1.1.1
166 silly packumentCache full:https://registry.npmjs.org/es-object-atoms cache-miss
167 silly fetch manifest get-proto@^1.0.1
168 silly packumentCache full:https://registry.npmjs.org/get-proto cache-miss
169 silly fetch manifest gopd@^1.2.0
170 silly packumentCache full:https://registry.npmjs.org/gopd cache-miss
171 silly fetch manifest has-symbols@^1.1.0
172 silly packumentCache full:https://registry.npmjs.org/has-symbols cache-miss
173 silly fetch manifest math-intrinsics@^1.1.0
174 silly packumentCache full:https://registry.npmjs.org/math-intrinsics cache-miss
175 silly fetch manifest has-symbols@^1.0.3
176 silly packumentCache full:https://registry.npmjs.org/has-symbols cache-miss
177 http fetch GET 200 https://registry.npmjs.org/gopd 346ms (cache miss)
178 silly packumentCache full:https://registry.npmjs.org/gopd set size:undefined disposed:false
179 http fetch GET 200 https://registry.npmjs.org/es-object-atoms 354ms (cache miss)
180 silly packumentCache full:https://registry.npmjs.org/es-object-atoms set size:undefined disposed:false
181 http fetch GET 200 https://registry.npmjs.org/es-define-property 422ms (cache miss)
182 silly packumentCache full:https://registry.npmjs.org/es-define-property set size:undefined disposed:false
183 http fetch GET 200 https://registry.npmjs.org/call-bind-apply-helpers 423ms (cache miss)
184 silly packumentCache full:https://registry.npmjs.org/call-bind-apply-helpers set size:undefined disposed:false
185 http fetch GET 200 https://registry.npmjs.org/has-symbols 429ms (cache miss)
186 silly packumentCache full:https://registry.npmjs.org/has-symbols set size:undefined disposed:false
187 http fetch GET 200 https://registry.npmjs.org/math-intrinsics 430ms (cache miss)
188 silly packumentCache full:https://registry.npmjs.org/math-intrinsics set size:undefined disposed:false
189 http fetch GET 200 https://registry.npmjs.org/has-symbols 432ms (cache miss)
190 silly packumentCache full:https://registry.npmjs.org/has-symbols set size:undefined disposed:false
191 http fetch GET 200 https://registry.npmjs.org/get-proto 432ms (cache miss)
192 silly packumentCache full:https://registry.npmjs.org/get-proto set size:undefined disposed:false
193 silly placeDep ROOT call-bind-apply-helpers@1.0.2 OK for: get-intrinsic@1.3.0 want: ^1.0.2
194 silly placeDep ROOT es-define-property@1.0.1 OK for: get-intrinsic@1.3.0 want: ^1.0.1
195 silly placeDep ROOT es-object-atoms@1.1.1 OK for: get-intrinsic@1.3.0 want: ^1.1.1
196 silly placeDep ROOT function-bind@1.1.2 OK for: get-intrinsic@1.3.0 want: ^1.1.2
197 silly placeDep ROOT get-proto@1.0.1 OK for: get-intrinsic@1.3.0 want: ^1.0.1
198 silly placeDep ROOT gopd@1.2.0 OK for: get-intrinsic@1.3.0 want: ^1.2.0
199 silly placeDep ROOT has-symbols@1.1.0 OK for: get-intrinsic@1.3.0 want: ^1.1.0
200 silly placeDep ROOT math-intrinsics@1.1.0 OK for: get-intrinsic@1.3.0 want: ^1.1.0
201 silly fetch manifest dunder-proto@^1.0.1
202 silly packumentCache full:https://registry.npmjs.org/dunder-proto cache-miss
203 http fetch GET 200 https://registry.npmjs.org/dunder-proto 656ms (cache miss)
204 silly packumentCache full:https://registry.npmjs.org/dunder-proto set size:undefined disposed:false
205 silly placeDep ROOT dunder-proto@1.0.1 OK for: get-proto@1.0.1 want: ^1.0.1
206 silly placeDep ROOT mime-db@1.52.0 OK for: mime-types@2.1.35 want: 1.52.0
207 silly placeDep ROOT data-uri-to-buffer@4.0.1 OK for: node-fetch@3.3.2 want: ^4.0.0
208 silly placeDep ROOT fetch-blob@3.2.0 OK for: node-fetch@3.3.2 want: ^3.1.4
209 silly placeDep ROOT formdata-polyfill@4.0.10 OK for: node-fetch@3.3.2 want: ^4.0.10
210 silly fetch manifest node-domexception@^1.0.0
211 silly packumentCache full:https://registry.npmjs.org/node-domexception cache-miss
212 silly fetch manifest web-streams-polyfill@^3.0.3
213 silly packumentCache full:https://registry.npmjs.org/web-streams-polyfill cache-miss
214 http fetch GET 200 https://registry.npmjs.org/web-streams-polyfill 230ms (cache miss)
215 silly packumentCache full:https://registry.npmjs.org/web-streams-polyfill set size:undefined disposed:false
216 http fetch GET 200 https://registry.npmjs.org/node-domexception 232ms (cache miss)
217 silly packumentCache full:https://registry.npmjs.org/node-domexception set size:undefined disposed:false
218 silly placeDep ROOT node-domexception@1.0.0 OK for: fetch-blob@3.2.0 want: ^1.0.0
219 silly placeDep ROOT web-streams-polyfill@3.3.3 OK for: fetch-blob@3.2.0 want: ^3.0.3
220 silly placeDep ROOT bytes@3.1.2 OK for: raw-body@3.0.0 want: 3.1.2
221 silly placeDep ROOT http-errors@2.0.0 OK for: raw-body@3.0.0 want: 2.0.0
222 silly placeDep ROOT iconv-lite@0.6.3 OK for: raw-body@3.0.0 want: 0.6.3
223 silly placeDep ROOT unpipe@1.0.0 OK for: raw-body@3.0.0 want: 1.0.0
224 silly fetch manifest depd@2.0.0
225 silly packumentCache full:https://registry.npmjs.org/depd cache-miss
226 silly fetch manifest inherits@2.0.4
227 silly packumentCache full:https://registry.npmjs.org/inherits cache-miss
228 silly fetch manifest statuses@2.0.1
229 silly packumentCache full:https://registry.npmjs.org/statuses cache-miss
230 silly fetch manifest toidentifier@1.0.1
231 silly packumentCache full:https://registry.npmjs.org/toidentifier cache-miss
232 silly fetch manifest setprototypeof@1.2.0
233 silly packumentCache full:https://registry.npmjs.org/setprototypeof cache-miss
234 silly fetch manifest safer-buffer@>= 2.1.2 < 3.0.0
235 silly packumentCache full:https://registry.npmjs.org/safer-buffer cache-miss
236 http fetch GET 200 https://registry.npmjs.org/toidentifier 1390ms (cache miss)
237 silly packumentCache full:https://registry.npmjs.org/toidentifier set size:undefined disposed:false
238 http fetch GET 200 https://registry.npmjs.org/depd 1393ms (cache miss)
239 silly packumentCache full:https://registry.npmjs.org/depd set size:undefined disposed:false
240 http fetch GET 200 https://registry.npmjs.org/safer-buffer 1393ms (cache miss)
241 silly packumentCache full:https://registry.npmjs.org/safer-buffer set size:undefined disposed:false
242 http fetch GET 200 https://registry.npmjs.org/statuses 1395ms (cache miss)
243 silly packumentCache full:https://registry.npmjs.org/statuses set size:undefined disposed:false
244 http fetch GET 200 https://registry.npmjs.org/setprototypeof 1414ms (cache miss)
245 silly packumentCache full:https://registry.npmjs.org/setprototypeof set size:undefined disposed:false
246 http fetch GET 200 https://registry.npmjs.org/inherits 1416ms (cache miss)
247 silly packumentCache full:https://registry.npmjs.org/inherits set size:undefined disposed:false
248 silly placeDep ROOT depd@2.0.0 OK for: http-errors@2.0.0 want: 2.0.0
249 silly placeDep ROOT inherits@2.0.4 OK for: http-errors@2.0.0 want: 2.0.4
250 silly placeDep ROOT setprototypeof@1.2.0 OK for: http-errors@2.0.0 want: 1.2.0
251 silly placeDep ROOT statuses@2.0.1 OK for: http-errors@2.0.0 want: 2.0.1
252 silly placeDep ROOT toidentifier@1.0.1 OK for: http-errors@2.0.0 want: 1.0.1
253 silly placeDep ROOT safer-buffer@2.1.2 OK for: iconv-lite@0.6.3 want: >= 2.1.2 < 3.0.0
254 silly reify moves {}
255 silly audit bulk request {
255 silly audit   '@modelcontextprotocol/server-github': [ '2025.4.8' ],
255 silly audit   '@modelcontextprotocol/sdk': [ '1.0.1' ],
255 silly audit   '@types/node': [ '22.17.0' ],
255 silly audit   '@types/node-fetch': [ '2.6.13' ],
255 silly audit   'node-fetch': [ '3.3.2' ],
255 silly audit   'universal-user-agent': [ '7.0.3' ],
255 silly audit   zod: [ '3.25.76' ],
255 silly audit   'zod-to-json-schema': [ '3.24.6' ],
255 silly audit   'content-type': [ '1.0.5' ],
255 silly audit   'raw-body': [ '3.0.0' ],
255 silly audit   'undici-types': [ '6.21.0' ],
255 silly audit   'form-data': [ '4.0.4' ],
255 silly audit   asynckit: [ '0.4.0' ],
255 silly audit   'combined-stream': [ '1.0.8' ],
255 silly audit   'es-set-tostringtag': [ '2.1.0' ],
255 silly audit   hasown: [ '2.0.2' ],
255 silly audit   'mime-types': [ '2.1.35' ],
255 silly audit   'delayed-stream': [ '1.0.0' ],
255 silly audit   'es-errors': [ '1.3.0' ],
255 silly audit   'get-intrinsic': [ '1.3.0' ],
255 silly audit   'has-tostringtag': [ '1.0.2' ],
255 silly audit   'call-bind-apply-helpers': [ '1.0.2' ],
255 silly audit   'es-define-property': [ '1.0.1' ],
255 silly audit   'es-object-atoms': [ '1.1.1' ],
255 silly audit   'function-bind': [ '1.1.2' ],
255 silly audit   'get-proto': [ '1.0.1' ],
255 silly audit   gopd: [ '1.2.0' ],
255 silly audit   'has-symbols': [ '1.1.0' ],
255 silly audit   'math-intrinsics': [ '1.1.0' ],
255 silly audit   'dunder-proto': [ '1.0.1' ],
255 silly audit   'mime-db': [ '1.52.0' ],
255 silly audit   'data-uri-to-buffer': [ '4.0.1' ],
255 silly audit   'fetch-blob': [ '3.2.0' ],
255 silly audit   'formdata-polyfill': [ '4.0.10' ],
255 silly audit   'node-domexception': [ '1.0.0' ],
255 silly audit   'web-streams-polyfill': [ '3.3.3' ],
255 silly audit   bytes: [ '3.1.2' ],
255 silly audit   'http-errors': [ '2.0.0' ],
255 silly audit   'iconv-lite': [ '0.6.3' ],
255 silly audit   unpipe: [ '1.0.0' ],
255 silly audit   depd: [ '2.0.0' ],
255 silly audit   inherits: [ '2.0.4' ],
255 silly audit   setprototypeof: [ '1.2.0' ],
255 silly audit   statuses: [ '2.0.1' ],
255 silly audit   toidentifier: [ '1.0.1' ],
255 silly audit   'safer-buffer': [ '2.1.2' ]
255 silly audit }
256 http cache safer-buffer@https://registry.npmjs.org/safer-buffer/-/safer-buffer-2.1.2.tgz 0ms (cache hit)
257 http cache toidentifier@https://registry.npmjs.org/toidentifier/-/toidentifier-1.0.1.tgz 0ms (cache hit)
258 http cache statuses@https://registry.npmjs.org/statuses/-/statuses-2.0.1.tgz 0ms (cache hit)
259 http cache setprototypeof@https://registry.npmjs.org/setprototypeof/-/setprototypeof-1.2.0.tgz 0ms (cache hit)
260 http cache inherits@https://registry.npmjs.org/inherits/-/inherits-2.0.4.tgz 0ms (cache hit)
261 http cache unpipe@https://registry.npmjs.org/unpipe/-/unpipe-1.0.0.tgz 0ms (cache hit)
262 http cache depd@https://registry.npmjs.org/depd/-/depd-2.0.0.tgz 0ms (cache hit)
263 http cache iconv-lite@https://registry.npmjs.org/iconv-lite/-/iconv-lite-0.6.3.tgz 0ms (cache hit)
264 http cache http-errors@https://registry.npmjs.org/http-errors/-/http-errors-2.0.0.tgz 0ms (cache hit)
265 http cache bytes@https://registry.npmjs.org/bytes/-/bytes-3.1.2.tgz 0ms (cache hit)
266 http cache web-streams-polyfill@https://registry.npmjs.org/web-streams-polyfill/-/web-streams-polyfill-3.3.3.tgz 0ms (cache hit)
267 http cache node-domexception@https://registry.npmjs.org/node-domexception/-/node-domexception-1.0.0.tgz 0ms (cache hit)
268 http cache formdata-polyfill@https://registry.npmjs.org/formdata-polyfill/-/formdata-polyfill-4.0.10.tgz 0ms (cache hit)
269 http cache fetch-blob@https://registry.npmjs.org/fetch-blob/-/fetch-blob-3.2.0.tgz 0ms (cache hit)
270 http cache data-uri-to-buffer@https://registry.npmjs.org/data-uri-to-buffer/-/data-uri-to-buffer-4.0.1.tgz 0ms (cache hit)
271 http cache mime-db@https://registry.npmjs.org/mime-db/-/mime-db-1.52.0.tgz 0ms (cache hit)
272 http cache dunder-proto@https://registry.npmjs.org/dunder-proto/-/dunder-proto-1.0.1.tgz 0ms (cache hit)
273 http cache has-symbols@https://registry.npmjs.org/has-symbols/-/has-symbols-1.1.0.tgz 0ms (cache hit)
274 http cache get-proto@https://registry.npmjs.org/get-proto/-/get-proto-1.0.1.tgz 0ms (cache hit)
275 http cache math-intrinsics@https://registry.npmjs.org/math-intrinsics/-/math-intrinsics-1.1.0.tgz 0ms (cache hit)
276 http cache es-object-atoms@https://registry.npmjs.org/es-object-atoms/-/es-object-atoms-1.1.1.tgz 0ms (cache hit)
277 http cache gopd@https://registry.npmjs.org/gopd/-/gopd-1.2.0.tgz 0ms (cache hit)
278 http cache call-bind-apply-helpers@https://registry.npmjs.org/call-bind-apply-helpers/-/call-bind-apply-helpers-1.0.2.tgz 0ms (cache hit)
279 http cache function-bind@https://registry.npmjs.org/function-bind/-/function-bind-1.1.2.tgz 0ms (cache hit)
280 http cache get-intrinsic@https://registry.npmjs.org/get-intrinsic/-/get-intrinsic-1.3.0.tgz 0ms (cache hit)
281 http cache es-errors@https://registry.npmjs.org/es-errors/-/es-errors-1.3.0.tgz 0ms (cache hit)
282 http cache es-define-property@https://registry.npmjs.org/es-define-property/-/es-define-property-1.0.1.tgz 0ms (cache hit)
283 http cache mime-types@https://registry.npmjs.org/mime-types/-/mime-types-2.1.35.tgz 0ms (cache hit)
284 http cache has-tostringtag@https://registry.npmjs.org/has-tostringtag/-/has-tostringtag-1.0.2.tgz 0ms (cache hit)
285 http cache delayed-stream@https://registry.npmjs.org/delayed-stream/-/delayed-stream-1.0.0.tgz 0ms (cache hit)
286 http cache hasown@https://registry.npmjs.org/hasown/-/hasown-2.0.2.tgz 0ms (cache hit)
287 http cache es-set-tostringtag@https://registry.npmjs.org/es-set-tostringtag/-/es-set-tostringtag-2.1.0.tgz 0ms (cache hit)
288 http cache combined-stream@https://registry.npmjs.org/combined-stream/-/combined-stream-1.0.8.tgz 0ms (cache hit)
289 http cache asynckit@https://registry.npmjs.org/asynckit/-/asynckit-0.4.0.tgz 0ms (cache hit)
290 http cache form-data@https://registry.npmjs.org/form-data/-/form-data-4.0.4.tgz 0ms (cache hit)
291 http cache raw-body@https://registry.npmjs.org/raw-body/-/raw-body-3.0.0.tgz 0ms (cache hit)
292 http cache undici-types@https://registry.npmjs.org/undici-types/-/undici-types-6.21.0.tgz 0ms (cache hit)
293 http cache content-type@https://registry.npmjs.org/content-type/-/content-type-1.0.5.tgz 0ms (cache hit)
294 http cache zod@https://registry.npmjs.org/zod/-/zod-3.25.76.tgz 0ms (cache hit)
295 http cache zod-to-json-schema@https://registry.npmjs.org/zod-to-json-schema/-/zod-to-json-schema-3.24.6.tgz 0ms (cache hit)
296 http cache @types/node-fetch@https://registry.npmjs.org/@types/node-fetch/-/node-fetch-2.6.13.tgz 0ms (cache hit)
297 http cache universal-user-agent@https://registry.npmjs.org/universal-user-agent/-/universal-user-agent-7.0.3.tgz 0ms (cache hit)
298 http cache node-fetch@https://registry.npmjs.org/node-fetch/-/node-fetch-3.3.2.tgz 0ms (cache hit)
299 silly tarball no local data for safer-buffer@https://registry.npmjs.org/safer-buffer/-/safer-buffer-2.1.2.tgz. Extracting by manifest.
300 silly tarball no local data for toidentifier@https://registry.npmjs.org/toidentifier/-/toidentifier-1.0.1.tgz. Extracting by manifest.
301 silly tarball no local data for statuses@https://registry.npmjs.org/statuses/-/statuses-2.0.1.tgz. Extracting by manifest.
302 silly tarball no local data for setprototypeof@https://registry.npmjs.org/setprototypeof/-/setprototypeof-1.2.0.tgz. Extracting by manifest.
303 http cache @types/node@https://registry.npmjs.org/@types/node/-/node-22.17.0.tgz 0ms (cache hit)
304 silly tarball no local data for inherits@https://registry.npmjs.org/inherits/-/inherits-2.0.4.tgz. Extracting by manifest.
305 silly tarball no local data for unpipe@https://registry.npmjs.org/unpipe/-/unpipe-1.0.0.tgz. Extracting by manifest.
306 silly tarball no local data for depd@https://registry.npmjs.org/depd/-/depd-2.0.0.tgz. Extracting by manifest.
307 silly tarball no local data for iconv-lite@https://registry.npmjs.org/iconv-lite/-/iconv-lite-0.6.3.tgz. Extracting by manifest.
308 silly tarball no local data for http-errors@https://registry.npmjs.org/http-errors/-/http-errors-2.0.0.tgz. Extracting by manifest.
309 silly tarball no local data for bytes@https://registry.npmjs.org/bytes/-/bytes-3.1.2.tgz. Extracting by manifest.
310 silly tarball no local data for web-streams-polyfill@https://registry.npmjs.org/web-streams-polyfill/-/web-streams-polyfill-3.3.3.tgz. Extracting by manifest.
311 silly tarball no local data for node-domexception@https://registry.npmjs.org/node-domexception/-/node-domexception-1.0.0.tgz. Extracting by manifest.
312 silly tarball no local data for formdata-polyfill@https://registry.npmjs.org/formdata-polyfill/-/formdata-polyfill-4.0.10.tgz. Extracting by manifest.
313 silly tarball no local data for fetch-blob@https://registry.npmjs.org/fetch-blob/-/fetch-blob-3.2.0.tgz. Extracting by manifest.
314 silly tarball no local data for data-uri-to-buffer@https://registry.npmjs.org/data-uri-to-buffer/-/data-uri-to-buffer-4.0.1.tgz. Extracting by manifest.
315 silly tarball no local data for mime-db@https://registry.npmjs.org/mime-db/-/mime-db-1.52.0.tgz. Extracting by manifest.
316 silly tarball no local data for dunder-proto@https://registry.npmjs.org/dunder-proto/-/dunder-proto-1.0.1.tgz. Extracting by manifest.
317 http cache @modelcontextprotocol/server-github@https://registry.npmjs.org/@modelcontextprotocol/server-github/-/server-github-2025.4.8.tgz 0ms (cache hit)
318 silly tarball no local data for has-symbols@https://registry.npmjs.org/has-symbols/-/has-symbols-1.1.0.tgz. Extracting by manifest.
319 http cache @modelcontextprotocol/sdk@https://registry.npmjs.org/@modelcontextprotocol/sdk/-/sdk-1.0.1.tgz 0ms (cache hit)
320 silly tarball no local data for get-proto@https://registry.npmjs.org/get-proto/-/get-proto-1.0.1.tgz. Extracting by manifest.
321 silly tarball no local data for math-intrinsics@https://registry.npmjs.org/math-intrinsics/-/math-intrinsics-1.1.0.tgz. Extracting by manifest.
322 silly tarball no local data for es-object-atoms@https://registry.npmjs.org/es-object-atoms/-/es-object-atoms-1.1.1.tgz. Extracting by manifest.
323 silly tarball no local data for gopd@https://registry.npmjs.org/gopd/-/gopd-1.2.0.tgz. Extracting by manifest.
324 silly tarball no local data for call-bind-apply-helpers@https://registry.npmjs.org/call-bind-apply-helpers/-/call-bind-apply-helpers-1.0.2.tgz. Extracting by manifest.
325 silly tarball no local data for function-bind@https://registry.npmjs.org/function-bind/-/function-bind-1.1.2.tgz. Extracting by manifest.
326 silly tarball no local data for get-intrinsic@https://registry.npmjs.org/get-intrinsic/-/get-intrinsic-1.3.0.tgz. Extracting by manifest.
327 silly tarball no local data for es-errors@https://registry.npmjs.org/es-errors/-/es-errors-1.3.0.tgz. Extracting by manifest.
328 silly tarball no local data for es-define-property@https://registry.npmjs.org/es-define-property/-/es-define-property-1.0.1.tgz. Extracting by manifest.
329 silly tarball no local data for mime-types@https://registry.npmjs.org/mime-types/-/mime-types-2.1.35.tgz. Extracting by manifest.
330 silly tarball no local data for has-tostringtag@https://registry.npmjs.org/has-tostringtag/-/has-tostringtag-1.0.2.tgz. Extracting by manifest.
331 silly tarball no local data for delayed-stream@https://registry.npmjs.org/delayed-stream/-/delayed-stream-1.0.0.tgz. Extracting by manifest.
332 silly tarball no local data for hasown@https://registry.npmjs.org/hasown/-/hasown-2.0.2.tgz. Extracting by manifest.
333 silly tarball no local data for es-set-tostringtag@https://registry.npmjs.org/es-set-tostringtag/-/es-set-tostringtag-2.1.0.tgz. Extracting by manifest.
334 silly tarball no local data for combined-stream@https://registry.npmjs.org/combined-stream/-/combined-stream-1.0.8.tgz. Extracting by manifest.
335 silly tarball no local data for asynckit@https://registry.npmjs.org/asynckit/-/asynckit-0.4.0.tgz. Extracting by manifest.
336 silly tarball no local data for form-data@https://registry.npmjs.org/form-data/-/form-data-4.0.4.tgz. Extracting by manifest.
337 silly tarball no local data for raw-body@https://registry.npmjs.org/raw-body/-/raw-body-3.0.0.tgz. Extracting by manifest.
338 silly tarball no local data for undici-types@https://registry.npmjs.org/undici-types/-/undici-types-6.21.0.tgz. Extracting by manifest.
339 silly tarball no local data for content-type@https://registry.npmjs.org/content-type/-/content-type-1.0.5.tgz. Extracting by manifest.
340 silly tarball no local data for zod@https://registry.npmjs.org/zod/-/zod-3.25.76.tgz. Extracting by manifest.
341 silly tarball no local data for zod-to-json-schema@https://registry.npmjs.org/zod-to-json-schema/-/zod-to-json-schema-3.24.6.tgz. Extracting by manifest.
342 silly tarball no local data for @types/node-fetch@https://registry.npmjs.org/@types/node-fetch/-/node-fetch-2.6.13.tgz. Extracting by manifest.
343 silly tarball no local data for universal-user-agent@https://registry.npmjs.org/universal-user-agent/-/universal-user-agent-7.0.3.tgz. Extracting by manifest.
344 silly tarball no local data for node-fetch@https://registry.npmjs.org/node-fetch/-/node-fetch-3.3.2.tgz. Extracting by manifest.
345 silly tarball no local data for @types/node@https://registry.npmjs.org/@types/node/-/node-22.17.0.tgz. Extracting by manifest.
346 silly tarball no local data for @modelcontextprotocol/server-github@https://registry.npmjs.org/@modelcontextprotocol/server-github/-/server-github-2025.4.8.tgz. Extracting by manifest.
347 silly tarball no local data for @modelcontextprotocol/sdk@https://registry.npmjs.org/@modelcontextprotocol/sdk/-/sdk-1.0.1.tgz. Extracting by manifest.
348 http fetch POST 200 https://registry.npmjs.org/-/npm/v1/security/advisories/bulk 270ms
349 silly audit report {}
350 http fetch GET 200 https://registry.npmjs.org/toidentifier/-/toidentifier-1.0.1.tgz 4939ms (cache miss)
351 http fetch GET 200 https://registry.npmjs.org/inherits/-/inherits-2.0.4.tgz 5678ms (cache miss)
352 http fetch GET 200 https://registry.npmjs.org/unpipe/-/unpipe-1.0.0.tgz 5719ms (cache miss)
353 http fetch GET 200 https://registry.npmjs.org/safer-buffer/-/safer-buffer-2.1.2.tgz 6093ms (cache miss)
354 http fetch GET 200 https://registry.npmjs.org/function-bind/-/function-bind-1.1.2.tgz 6273ms (cache miss)
355 http fetch GET 200 https://registry.npmjs.org/dunder-proto/-/dunder-proto-1.0.1.tgz 6637ms (cache miss)
356 http fetch GET 200 https://registry.npmjs.org/gopd/-/gopd-1.2.0.tgz 6637ms (cache miss)
357 http fetch GET 200 https://registry.npmjs.org/has-tostringtag/-/has-tostringtag-1.0.2.tgz 7518ms (cache miss)
358 http fetch GET 200 https://registry.npmjs.org/raw-body/-/raw-body-3.0.0.tgz 8491ms (cache miss)
359 http fetch GET 200 https://registry.npmjs.org/@modelcontextprotocol/server-github/-/server-github-2025.4.8.tgz 8282ms (cache miss)
360 http fetch GET 200 https://registry.npmjs.org/@types/node-fetch/-/node-fetch-2.6.13.tgz 8501ms (cache miss)
361 http fetch GET 200 https://registry.npmjs.org/setprototypeof/-/setprototypeof-1.2.0.tgz 9112ms (cache miss)
362 http fetch GET 200 https://registry.npmjs.org/data-uri-to-buffer/-/data-uri-to-buffer-4.0.1.tgz 9172ms (cache miss)
363 http fetch GET 200 https://registry.npmjs.org/es-define-property/-/es-define-property-1.0.1.tgz 9237ms (cache miss)
364 http fetch GET 200 https://registry.npmjs.org/hasown/-/hasown-2.0.2.tgz 9254ms (cache miss)
365 http fetch GET 200 https://registry.npmjs.org/es-set-tostringtag/-/es-set-tostringtag-2.1.0.tgz 9264ms (cache miss)
366 http fetch GET 200 https://registry.npmjs.org/mime-types/-/mime-types-2.1.35.tgz 9280ms (cache miss)
367 http fetch GET 200 https://registry.npmjs.org/delayed-stream/-/delayed-stream-1.0.0.tgz 9288ms (cache miss)
368 http fetch GET 200 https://registry.npmjs.org/combined-stream/-/combined-stream-1.0.8.tgz 9303ms (cache miss)
369 http fetch GET 200 https://registry.npmjs.org/statuses/-/statuses-2.0.1.tgz 9507ms (cache miss)
370 http fetch GET 200 https://registry.npmjs.org/bytes/-/bytes-3.1.2.tgz 11172ms (cache miss)
371 http fetch GET 200 https://registry.npmjs.org/content-type/-/content-type-1.0.5.tgz 12761ms (cache miss)
372 http fetch GET 200 https://registry.npmjs.org/depd/-/depd-2.0.0.tgz 12798ms (cache miss)
373 http fetch GET 200 https://registry.npmjs.org/http-errors/-/http-errors-2.0.0.tgz 16677ms (cache miss)
374 http fetch GET 200 https://registry.npmjs.org/mime-db/-/mime-db-1.52.0.tgz 16746ms (cache miss)
375 http fetch GET 200 https://registry.npmjs.org/get-intrinsic/-/get-intrinsic-1.3.0.tgz 17808ms (cache miss)
376 http fetch GET 200 https://registry.npmjs.org/formdata-polyfill/-/formdata-polyfill-4.0.10.tgz 19791ms (cache miss)
377 http fetch GET 200 https://registry.npmjs.org/fetch-blob/-/fetch-blob-3.2.0.tgz 20019ms (cache miss)
378 http fetch GET 200 https://registry.npmjs.org/universal-user-agent/-/universal-user-agent-7.0.3.tgz 22630ms (cache miss)
379 http fetch GET 200 https://registry.npmjs.org/form-data/-/form-data-4.0.4.tgz 24051ms (cache miss)
380 http fetch GET 200 https://registry.npmjs.org/get-proto/-/get-proto-1.0.1.tgz 25335ms (cache miss)
381 http fetch GET 200 https://registry.npmjs.org/es-object-atoms/-/es-object-atoms-1.1.1.tgz 25569ms (cache miss)
382 http fetch GET 200 https://registry.npmjs.org/has-symbols/-/has-symbols-1.1.0.tgz 26623ms (cache miss)
383 warn deprecated @modelcontextprotocol/server-github@2025.4.8: Package no longer supported. Contact Support at https://www.npmjs.com/support for more info.
384 http fetch GET 200 https://registry.npmjs.org/call-bind-apply-helpers/-/call-bind-apply-helpers-1.0.2.tgz 31180ms (cache miss)
385 http fetch GET 200 https://registry.npmjs.org/asynckit/-/asynckit-0.4.0.tgz 31373ms (cache miss)
386 http fetch GET 200 https://registry.npmjs.org/node-fetch/-/node-fetch-3.3.2.tgz 31366ms (cache miss)
387 http fetch GET 200 https://registry.npmjs.org/es-errors/-/es-errors-1.3.0.tgz 31648ms (cache miss)
388 http fetch GET 200 https://registry.npmjs.org/math-intrinsics/-/math-intrinsics-1.1.0.tgz 43050ms (cache miss)
389 http fetch GET 200 https://registry.npmjs.org/undici-types/-/undici-types-6.21.0.tgz 43986ms (cache miss)
390 http fetch GET 200 https://registry.npmjs.org/node-domexception/-/node-domexception-1.0.0.tgz 44005ms (cache miss)
391 warn deprecated node-domexception@1.0.0: Use your platform's native DOMException instead
392 http fetch GET 200 https://registry.npmjs.org/iconv-lite/-/iconv-lite-0.6.3.tgz 45752ms (cache miss)
393 http fetch GET 200 https://registry.npmjs.org/@modelcontextprotocol/sdk/-/sdk-1.0.1.tgz 52621ms (cache miss)
394 http fetch GET 200 https://registry.npmjs.org/@types/node/-/node-22.17.0.tgz 53542ms (cache miss)
395 http fetch GET 200 https://registry.npmjs.org/zod-to-json-schema/-/zod-to-json-schema-3.24.6.tgz 56687ms (cache miss)
396 http fetch GET 200 https://registry.npmjs.org/web-streams-polyfill/-/web-streams-polyfill-3.3.3.tgz 61602ms (cache miss)
397 http fetch GET 200 https://registry.npmjs.org/zod/-/zod-3.25.76.tgz 76524ms (cache miss)
398 verbose cwd C:\Users\AveryMist  #Windows
399 verbose os Windows_NT 10.0.26100
400 verbose node v22.17.1
401 verbose npm  v10.9.2
402 verbose exit 0
403 info ok
