0 verbose cli C:\Program Files\nodejs\node.exe C:\Program Files\nodejs\node_modules\npm\bin\npm-cli.js
1 info using npm@10.9.2
2 info using node@v22.17.1
3 silly config load:file:C:\Program Files\nodejs\node_modules\npm\npmrc
4 silly config load:file:C:\Users\AveryMist  #Windows\.npmrc
5 silly config load:file:C:\Users\AveryMist  #Windows\AppData\Roaming\npm\etc\npmrc
6 verbose title npm exec @modelcontextprotocol/server-github
7 verbose argv "exec" "--yes" "--" "@modelcontextprotocol/server-github"
8 verbose logfile logs-max:10 dir:d:\GITHUB\AMADEUSE-VRC\.npm-cache\_logs\2025-08-03T16_18_33_628Z-
9 verbose logfile d:\GITHUB\AMADEUSE-VRC\.npm-cache\_logs\2025-08-03T16_18_33_628Z-debug-0.log
10 silly logfile done cleaning log files
11 silly packumentCache heap:4345298944 maxSize:1086324736 maxEntrySize:543162368
12 http fetch GET 200 https://registry.npmjs.org/@modelcontextprotocol%2fserver-github 2535ms (cache revalidated)
13 silly packumentCache heap:4345298944 maxSize:1086324736 maxEntrySize:543162368
14 silly packumentCache heap:4345298944 maxSize:1086324736 maxEntrySize:543162368
15 verbose cwd C:\Users\AveryMist  #Windows
16 verbose os Windows_NT 10.0.26100
17 verbose node v22.17.1
18 verbose npm  v10.9.2
19 verbose exit 0
20 info ok
